[    .000000] Initializing cgroup subsys cpuset
[    0.000000] Initializg cgroup susys cpu[    00000] Initializing cgroup subsys cpuaccct
[    0.000000] Linux version 4.4.0-138-gerc (budd@cy0am64-006) (gcc version 5.4.0 20160609 (Ubuntu 5.4.6uuntu1~16.04.1 ) #164-Ubuntu SMP  Tue Oct 2 17:16:02 UTC 2018 (Ubuntu 4.4.0-138.4-eneric 4.4.155)
[  0000000] Command line: BOOT_IMAGE=/boot/vmlinuz-4.4.0-138-generic root=LABEL=cloudimg-rootfs ro console=tty1 console=ttyS0
[    0.000000] KERNEL supported cpus:
[    0.000000]   Intel GenuineIntel
[    0.000000]   AMD AuthenticAMD
[    0.000000]   Centaur CentaurHauls
[    0.000000] x86/fpu: xstate_offset[2]:  576, xstate_sizes[2]:  256
[    0.000000] x86/fpu: Supporting XSAVE feature 0x01: 'x87 floating point registers'
[    0.000000] x86/fpu: Supporting XSAVE feature 0x02: 'SSE registers'
[    0.000000] x86/fpu: Supporting XSAVE feature 0x04: 'AVX registers'
[    0.000000] x86/fpu: Enabled xstate features 0x7, context size is 832 bytes, using 'standard' format.
[    0.000000] e820: BIOS-provided physical RAM map:
[    0.000000] BIOS-e820: [mem 0x0000000000000000-0x000000000009fbff] usable
[    0.000000] BIOS-e820: [mem 0x000000000009fc00-0x000000000009ffff] reserved
[    0.000000] BIOS-e820: [mem 0x00000000000f0000-0x00000000000fffff] reserved
[    0.000000] BIOS-e820: [mem 0x0000000000100000-0x000000003ffeffff] usable
[    0.000000] BIOS-e820: [mem 0x000000003fff0000-0x000000003fffffff] ACPI data
[    0.000000] BIOS-e820: [mem 0x00000000fec00000-0x00000000fec00fff] reserved
[    0.000000] BIOS-e820: [mem 0x00000000fee00000-0x00000000fee00fff] reserved
[    0.000000] BIOS-e820: [mem 0x00000000fffc0000-0x00000000ffffffff] reserved
[    0.000000] NX (Execute Disable) protection: active
[    0.000000] SMBIOS 2.5 present.
[    0.000000] Hypervisor detected: KVM
[    0.000000] e820: last_pfn = 0x3fff0 max_arch_pfn = 0x400000000
[    0.000000] MTRR: Disabled
[    0.000000] x86/PAT: MTRRs disabled, skipping PAT initialization too.
[    0.000000] CPU MTRRs all blank - virtualized system.
[    0.000000] x86/PAT: Configuration [0-7]: WB  WT  UC- UC  WB  WT  UC- UC  
[    0.000000] found SMP MP-table at [mem 0x0009fff0-0x0009ffff] mapped at [ffff88000009fff0]
[    0.000000] Scanning 1 areas for low memory corruption
[    0.000000] RAMDISK: [mem 0x3630e000-0x3717efff]
[    0.000000] ACPI: Early table checksum verification disabled
[    0.000000] ACPI: RSDP 0x00000000000E0000 000024 (v02 VBOX  )
[    0.000000] ACPI: XSDT 0x000000003FFF0030 00003C (v01 VBOX   VBOXXSDT 00000001 ASL  00000061)
[    0.000000] ACPI: FACP 0x000000003FFF00F0 0000F4 (v04 VBOX   VBOXFACP 00000001 ASL  00000061)
[    0.000000] ACPI: DSDT 0x000000003FFF0470 0021FF (v02 VBOX   VBOXBIOS 00000002 INTL 20100528)
[    0.000000] ACPI: FACS 0x000000003FFF0200 000040
[    0.000000] ACPI: FACS 0x000000003FFF0200 000040
[    0.000000] ACPI: APIC 0x000000003FFF0240 00005C (v02 VBOX   VBOXAPIC 00000001 ASL  00000061)
[    0.000000] ACPI: SSDT 0x000000003FFF02A0 0001CC (v01 VBOX   VBOXCPUT 00000002 INTL 20100528)
[    0.000000] No NUMA configuration found
[    0.000000] Faking a node at [mem 0x0000000000000000-0x000000003ffeffff]
[    0.000000] NODE_DATA(0) allocated [mem 0x3ffeb000-0x3ffeffff]
[    0.000000] kvm-clock: Using msrs 4b564d01 and 4b564d00
[    0.000000] kvm-clock: cpu 0, msr 0:3ffe3001, primary cpu clock
[    0.000000] kvm-clock: using sched offset of 5440616051 cycles
[  0000000] clocksource: kvm-clock: mask: 0xffffffffffffffff max_cycles: 0x1cd42e4dffb, max_idle_ns: 881590591483 ns
[  0.000000] Zone ranges:
[    0.000000]   DMA      [mem 0x0000000000001000-0x0000000000ffffff]
[    0.000000]   DMA32    [mem 0x0000000001000000-0x000000003ffeffff]
[    0.000000]   Normal   empty
[    0.000000]   Device   empty
[    0.000000] Movable zone start for each node
[    0.000000] Early memory node ranges
[    0.000000]   node   0: [mem 0x0000000000001000-0x000000000009efff]
[    0.000000]   node   0: [mem 0x0000000000100000-0x000000003ffeffff]
[    0.000000] Initmem setup node 0 [mem 0x0000000000001000-0x000000003ffeffff]
[    0.000000] ACPI: PM-Timer IO Port: 0x4008
[    0.000000] IOAPIC[0]: apic_id 2, version 32, address 0xfec00000, GSI 0-23
[    0.000000] ACPI: INT_SRC_OVR (bus 0 bus_irq 0 global_irq 2 dfl dfl)
[    0.000000] ACPI: INT_SRC_OVR (bus 0 bus_irq 9 global_irq 9 low level)
[    0.000000] Using ACPI (MADT) for SMP configuration information
[    0.000000] smpboot: Allowing 2 CPUs, 0 hotplug CPUs
[    0.000000] PM: Registered nosave memory: [mem 0x00000000-0x00000fff]
[    0.000000] PM: Registered nosave memory: [mem 0x0009f000-0x0009ffff]
[    0.000000] PM: Registered nosave memory: [mem 0x000a0000-0x000effff]
[    0.000000] PM: Registered nosave memory: [mem 0x000f0000-0x000fffff]
[    0.000000] e820: [mem 0x40000000-0xfebfffff] available for PCI devices
[    0.000000] Booting paravirtualized kernel on KVM
[    0.000000] ocksource: refined-jiffies: mask: 0xffffffff max_cycles: 0xffffffff, max_idle_ns: 7645519600211568 ns
[    0.000] setup_percpu: NR_CPUS:512 nr_cpumask_bits:512 nr_cpu_ids:2 nr_node_ids:1
[    0.000000] PERCPU: Embedded 34 pages/cpu @ffff88003fc00000 s99608 r8192 d31464 u1048576
[  0.000000] PV qspinlock hash table entries: 256 (order: 0, 4096 bytes)
[    0.000000] Built 1 zonelists in Node order, mobility grouping on.  Total pages: 257912
[    0.000000] Policy zone: DMA32
[    0.000000] Kernel command line: BOOT_IMAGE=/boot/vmlinuz-4.4.0-138-generic root=LABEL=cloudimg-rootfs ro console=tty1 console=ttyS0
[    0.000000] PID hash table entries: 4096 (order: 3, 32768 bytes)
[    0.000000] Memory: 997716K/1048120K available (8563K kernel code, 1314K rwdata, 4004K rodata, 1528K init, 1316K bss, 50404K reserved, 0K cma-reserved)
[    0.000000] SLUB: HWalign=64, Order=0-3, MinObjects=0, CPUs=2, Nod=1
[  0000000] Kernel/User page tables isolation: enabled
[    0.000000Hirarchical RCU implementation.
[  0000000] 	Build-time adjustment of leaf fanout to 64.
[    0.000000] 	RCU restricting CPUs from NR_CPUS=512 to nr_cpu_ids=2.
[    0.000000] RCU: Adjusting geometry for rcu_fanout_leaf=64, nr_cpu_ids=2
[    0.000000] NR_IRQS:33024 nr_irqs:440 16
[    0.000000] Console: colour VGA+ 80x25
[    0.000000]onsole [tty1] enabled
[  0000000] console [ttyS0] enabled
[    0.000000] tsc: Detected 2711.998 MHz processor
[    1.358054] Calibrating delay loop (skipped) presetvalue.. 5423.99 BogoMIPS (lpj=10847992)
[    1.376587] pid_max: default: 32768 minimum: 301
[    1.377884] ACPI: Core revision 20150930
[    1.380928] ACPI: 2 ACPI AML tables successfully acquired and loaded
[    1.382652] Security Framework initialized
[    1.383756] Yama: becoming mindful.
[    1.384729] AppArmor: AppArmor initialized
[    1.385913] Dentry cache hash table entries: 131072 (order: 8, 1048576 bytes)
[    1.390652] Inode-cache hash table entries: 65536 (order: 7, 524288 bytes)
[    1.392436] Mount-cache hash table entries: 2048 (order: 2, 16384 bytes)
[    1.394021] Mountpoint-cache hash table entries: 2048 (order: 2, 16384 bytes)
[    1.397023] Initializing cgroup subsys io
[    1.410823] Initializing cgroup subsys memory
[    1.439247] Initializing cgroup subsys devices
[    1.467434] Initializing cgroup subsys freezer
[    1.475842] Initializing cgroup subsys net_cls
[    1.477410] Initializing cgroup subsys perf_event
[    1.479299] Initializing cgroup subsys net_prio
[    1.486840] Initializing cgroup subsys hugetlb
[    1.496163] Initializing cgroup subsys pids
[    1.505276] mce: CPU supports 0 MCE banks
[    1.515274] Last level iTLB entries: 4KB 64, 2MB 8, 4MB 8
[    1.516710] Last level dTLB entries: 4KB 64, 2MB 0, 4MB 0, 1GB 4
[    1.525318] Spectre V2 : Mitigation: Full generic retpoline
[    1.526724] Spectre V2 : Spectre v2 mitigation: Speculation control IBPB not-supported IBRS not-supported
[    1.535875] Spectre V2 : Spectre v2 / SpectreRSB mitigation: Filling RSB on context switch
[    1.565208] Speculative Store Bypass: Vulnerable
[    1.569331] Freeing SMP alternatives memory: 32K
[    1.579504] ftrace: allocating 32278 entries in 127 pages
[    1.703378] smpboot: APIC(0) Converting physical 0 to logical package 0
[    1.712202] smpboot: Max logical packages: 1
[    1.727785] x2apic enabled
[    1.729265] Switched APIC routing to physical x2apic.
[    1.811290] ..TIMER: vector=0x30 apic1=0 pin1=2 apic2=-1 pin2=-1
[    1.934057] smpboot: CPU0: Intel(R) Core(TM) i5-7200U CPU @ 2.50GHz (family: 0x6, model: 0x8e, stepping: 0x9)
[    1.999862] Performance Events: unsupported p6 CPU model 142 no PMU driver, software events only.
[    2.021501] KVM setup paravirtual spinlock
[    2.023358] x86: Booting SMP configuration:
[    2.031036] .... node  #0, CPUs:      #1
[    2.052600] kvm-clock: cpu 1, msr 0:3ffe3041, secondary cpu clock
[    2.055995] mce: CPU supports 0 MCE banks
[    2.058836] x86: Booted up 1 node, 2 CPUs
[    2.060648] smpboot: Total of 2 processors activated (10847.99 BogoMIPS)
[    2.064058] devtmpfs: initialized
[    2.067279] evm: security.selinux
[    2.068571] evm: security.SMACK64
[    2.069886] evm: security.SMACK64EXEC
[    2.071265] evm: security.SMACK64TRANSMUTE
[    2.072826] evm: security.SMACK64MMAP
[    2.074216] evm: security.ima
[    2.075402] evm: security.capability
[    2.077028] clocksource: jiffies: mask: 0xffffffff max_cycles: 0xffffffff, max_idle_ns: 7645041785100000 ns
[    2.080517] futex hash table entries: 512 (order: 3, 32768 bytes)
[    2.082958] pinctrl core: initialized pinctrl subsystem
[    2.085008] RTC time: 22:47:33, date: 11/07/18
[    2.086888] NET: Registered protocol family 16
[    2.102140] cpuidle: using governor ladder
[    2.113839] cpuidle: using governor menu
[    2.115519] PCCT header not found.
[    2.117038] ACPI: bus type PCI registered
[    2.118556] acpiphp: ACPI Hot Plug PCI Controller Driver version: 0.5
[    2.120911] PCI: Using configuration type 1 for base access
[    2.135232] ACPI: Added _OSI(Module Device)
[    2.136866] ACPI: Added _OSI(Processor Device)
[    2.138456] ACPI: Added _OSI(3.0 _SCP Extensions)
[    2.139956] ACPI: Added _OSI(Processor Aggregator Device)
[    2.143033] ACPI: Executed 1 blocks of module-level executable AML code
[    2.149012] ACPI: Interpreter enabled
[    2.155980] ACPI: (supports S0 S5)
[    2.156936] ACPI: Using IOAPIC for interrupt routing
[    2.158472] PCI: Using host bridge windows from ACPI; if necessary, use "pci=nocrs" and report a bug
[    2.167235] ACPI: PCI Root Bridge [PCI0] (domain 0000 [bus 00-ff])
[    2.169446] acpi PNP0A03:00: _OSC: OS supports [ASPM ClockPM Segments MSI]
[    2.171882] acpi PNP0A03:00: _OSC: not requesting OS control; OS requires [ExtendedConfig ASPM ClockPM MSI]
[    2.175584] acpi PNP0A03:00: fail to add MMCONFIG information, can't access extended PCI configuration space under this bridge.
[    2.187961] PCI host bridge to bus 0000:00
[    2.189580] pci_bus 0000:00: root bus resource [io  0x0000-0x0cf7 window]
[    2.191902] pci_bus 0000:00: root bus resource [io  0x0d00-0xffff window]
[    2.194128] pci_bus 0000:00: root bus resource [mem 0x000a0000-0x000bffff window]
[    2.196653] pci_bus 0000:00: root bus resource [mem 0x40000000-0xfdffffff window]
[    2.199565] pci_bus 0000:00: root bus resource [bus 00-ff]
[    2.204141] pci 0000:00:01.1: legacy IDE quirk: reg 0x10: [io  0x01f0-0x01f7]
[    2.208155] pci 0000:00:01.1: legacy IDE quirk: reg 0x14: [io  0x03f6]
[    2.210693] pci 0000:00:01.1: legacy IDE quirk: reg 0x18: [io  0x0170-0x0177]
[    2.236998] pci 0000:00:01.1: legacy IDE quirk: reg 0x1c: [io  0x0376]
[    2.280022] pci 0000:00:07.0: quirk: [io  0x4000-0x403f] claimed by PIIX4 ACPI
[    2.282932] pci 0000:00:07.0: quirk: [io  0x4100-0x410f] claimed by PIIX4 SMB
[    2.291745] ACPI: PCI Interrupt Link [LNKA] (IRQs 5 9 10 *11)
[    2.294282] ACPI: PCI Interrupt Link [LNKB] (IRQs 5 9 *10 11)
[    2.296360] ACPI: PCI Interrupt Link [LNKC] (IRQs 5 *9 10 11)
[    2.298300] ACPI: PCI Interrupt Link [LNKD] (IRQs 5 9 10 *11)
[    2.300382] ACPI: Enabled 2 GPEs in block 00 to 07
[    2.302131] vgaarb: setting as boot device: PCI:0000:00:02.0
[    2.303599] vgaarb: device added: PCI:0000:00:02.0,decodes=io+mem,owns=io+mem,locks=none
[    2.305752] vgaarb: loaded
[    2.306601] vgaarb: bridge control possible 0000:00:02.0
[    2.308193] SCSI subsystem initialized
[    2.309330] ACPI: bus type USB registered
[    2.310428] usbcore: registered new interface driver usbfs
[    2.312164] usbcore: registered new interface driver hub
[    2.313829] usbcore: registered new device driver usb
[    2.318352] PCI: Using ACPI for IRQ routing
[    2.319826] NetLabel: Initializing
[    2.320797] NetLabel:  domain hash size = 128
[    2.321967] NetLabel:  protocols = UNLABELED CIPSOv4
[    2.323198] NetLabel:  unlabeled traffic allowed by default
[    2.324738] amd_nb: Cannot enumerate AMD northbridges
[    2.326119] clocksource: Switched to clocksource kvm-clock
[    2.339647] AppArmor: AppArmor Filesystem Enabled
[  2479]pnp: PnP ACPI init
[  2533]npPnAC: un3 vic
[    3.134762] clocksource: acpi_pm: mask: 0xffffff max_cycles: 0xffffff, max_idle_ns: 2085701024 ns
[    3.144975] NET: Registered protocol family 2
[    3.146859] TCP established hash table entries: 8192 (order: 4, 65536 bytes)
[    3.149256] TCP bind hash table entries: 8192 (order: 5, 131072 bytes)
[    3.151487] TCP: Hash tables configured (established 8192 bind 8192)
[    3.153684] UDP hash table entries: 512 (order: 2, 16384 bytes)
[    3.155752] UDP-Lite hash table entries: 512 (order: 2, 16384 bytes)
[    3.158267] NET: Registered protocol family 1
[    3.168339] pci 0000:00:00.0: Limiting direct PCI/PCI transfers
[    3.170445] pci 0000:00:01.0: Activating ISA DMA hang workarounds
[    3.172759] Unpacking initramfs...
[    3.449241] Freeing initrd memory: 14788K
[    3.482514] platform rtc_cmos: registered platform RTC device (no PNP device found)
[    3.505039] Scanning for low memory corruption every 60 seconds
[    3.591808] audit: initializing netlink subsys (disabled)
[    3.627188] audit: type=2000 audit(1541630859.962:1): initialized
[    3.688328] Initialise system trusted keyring
[    3.728966] HugeTLB registered 2 MB page size, pre-allocated 0 pages
[    3.776969] zbud: loaded
[    3.822897] VFS: Disk quotas dquot_6.6.0
[    3.841186] VFS: Dquot-cache hash table entries: 512 (order 0, 4096 bytes)
[    3.851512] squashfs: version 4.0 (2009/01/31) Phillip Lougher
[    3.859969] fuse init (API version 7.23)
[  3672]eyype big_key registered
[    4.132595] Allocating IMA MOK and blacklist keyrings.

[    4.136527] Key type asymmetric registered
[    4.144045] Asymmetric key parser 'x509' registered
[    4.146261] Block layer SCSI generic (bsg) driver version 0.4 loaded (major 249)
[    4.226013] io scheduler noop registered
[    4.227736] io scheduler deadline registered (default)
[    4.229745] io scheduler cfq registered
[    4.231343] pci_hotplug: PCI Hot Plug PCI Core version: 0.5
[    4.233282] pciehp: PCI Express Hot Plug Controller Driver version: 0.4
[    4.235701] ACPI: AC Adapter [AC] (off-line)
[    4.237316] input: Power Button as /devices/LNXSYSTM:00/LNXPWRBN:00/input/input0
[    4.240214] ACPI: Power Button [PWRF]
[    4.241833] input: Sleep Button as /devices/LNXSYSTM:00/LNXSLPBN:00/input/input1
[    4.244871] ACPI: Sleep Button [SLPF]
[    4.246756] GHES: HEST is not enabled!
[    4.247801] ACPI: Battery Slot [BAT0] (battery present)
[    4.256297] Serial: 8250/16550 driver, 32 ports, IRQ sharing enabled
[    4.282064] 00:02: ttyS0 at I/O 0x3f8 (irq = 4, base_baud = 115200) is a 16550A
[    4.288799] Linux agpgart interface v0.103
[    4.293247] loop: module loaded
[    4.300551] scsi host0: ata_piix
[    4.316783] scsi host1: ata_piix
[    4.3181]ta PA max UDMA/33 cmd 0x1f0 ctl 0x3f6 bmdma 0xd000 irq 14
[  4.552922] ata2: PATA maxDM33 d 17 c 0x376 bmdma 0xd008 irq 15

[    4.895786] tsc: Refid C locksource calibration: 2711.578 MHz
[    5.050499] clocksource: tsc: mask: 0xffffffffffffffff max_cycles: 0x2715f7c93f8, max_idle_ns: 440795305972 ns
[    5.050719] libphy: Fixed MDIO Bus: probed
[    5.050722] tun: Universal TUN/TAP device driver, 1.6
[    5.050722] tun: (C) 1999-2004 Max Krasnyansky <maxk@qualcomm.com>
[    5.050777] PPP generic driver version 2.4.2
[    5.050829] ehci_hcd: USB 2.0 'Enhanced' Host Controller (EHCI) Driver
[    5.050835] ehci-pci: EHCI PCI platform driver
[    5.050845] ehci-platform: EHCI generic platform driver
[    5.050852] ohci_hcd: USB 1.1 'Open' Host Controller (OHCI) Driver
[    5.050855] ohci-pci: OHCI PCI platform driver
[    5.050863] ohci-platform: OHCI generic platform driver
[    5.050870] uhci_hcd: USB Universal Host Controller Interface driver
[    5.050925] i8042: PNP: PS/2 Controller [PNP0303:PS2K,PNP0f03:PS2M] at 0x60,0x64 irq 1,12
[    5.060372] serio: i8042 KBD port at 0x60,0x64 irq 1
[    5.060378] serio: i8042 AUX port at 0x60,0x64 irq 12
[    5.060505] mousedev: PS/2 mouse device common for all mice
[    5.060845] rtc_cmos rtc_cmos: rtc core: registered rtc_cmos as rtc0
[    5.060937] rtc_cmos rtc_cmos: alarms up to one day, 114 bytes nvram
[    5.060952] i2c /dev entries driver
[    5.061046] device-mapper: uevent: version 1.0.3
[    5.061145] device-mapper: ioctl: 4.34.0-ioctl (2015-10-28) initialised: dm-devel@redhat.com
[    5.061175] ledtrig-cpu: registered to indicate activity on CPUs
[    5.061474] NET: Registered protocol family 10
[    5.061639] NET: Registered protocol family 17
[    5.061652] Key type dns_resolver registered
[    5.062049] registered taskstats version 1
[    5.062064] Loading compiled-in X.509 certificates
[    5.062990] Loaded X.509 cert 'Build time autogenerated kernel key: 9a104bc44b81e9426fe5c715e47d021d02d69eba'
[    5.063016] zswap: loaded using pool lzo/zbud
[    5.064670] Key type trusted registered
[    5.067362] Key type encrypted registered
[    5.067368] AppArmor: AppArmor sha1 policy hashing enabled
[    5.067371] ima: No TPM chip found, activating TPM-bypass!
[    5.067378] ima: Allocated hash algorithm: sha1
[    5.067391] evm: HMAC attrs: 0x1
[    5.067754]   Magic number: 10:128:805
[    5.069312] rtc_cmos rtc_cmos: setting system clock to 2018-11-07 22:47:36 UTC (1541630856)
[    5.069410] BIOS EDD facility v0.16 2004-Jun-25, 0 devices found
[    5.069411] EDD information not available.
[    5.134717] input: AT Translated Set 2 keyboard as /devices/platform/i8042/serio0/input/input2
[    5.332548] Freeing unused kernel memory: 1528K
[    5.342434] Write protecting the kernel read-only data: 14336k
[    5.345012] Freeing unused kernel memory: 1664K
[    5.347044] Freeing unused kernel memory: 92K
Loading, please wait...
starting version 229
[    5.366825] random: systemd-udevd: uninitialized urandom read (16 bytes read, 3 bits of entropy available)
[    5.367853] random: udevadm: uninitialized urandom read (16 bytes read, 3 bits of entropy available)
[    5.367888] random: udevadm: uninitialized urandom read (16 bytes read, 3 bits of entropy available)
[    5.380108] random: udevadm: uninitialized urandom read (16 bytes read, 3 bits of entropy available)
[    5.380166] random: udevadm: uninitialized urandom read (16 bytes read, 3 bits of entropy available)
[    5.380434] random: udevadm: uninitialized urandom read (16 bytes read, 3 bits of entropy available)
[    5.380512] random: udevadm: uninitialized urandom read (16 bytes read, 3 bits of entropy available)
[    5.380586] random: udevadm: uninitialized urandom read (16 bytes read, 3 bits of entropy available)
[    5.380657] random: udevadm: uninitialized urandom read (16 bytes read, 3 bits of entropy available)
[    5.380723] random: udevadm: uninitialized urandom read (16 bytes read, 3 bits of entropy available)
[    5.453292] e1000: Intel(R) PRO/1000 Network Driver - version 7.3.21-k8-NAPI
[    5.463915] e1000: Copyright (c) 1999-2006 Intel Corporation.
[    5.489202] Fusion MPT base driver 3.04.20
[    5.490829] Copyright (c) 1999-2008 LSI Corporation
[    5.497737] Fusion MPT SPI Host driver 3.04.20
[    5.509830] AVX2 version of gcm_enc/dec engaged.
[    5.516827] AES CTR mode by8 optimization enabled
[    5.725555] input: ImExPS/2 Generic Explorer Mouse as /devices/platform/i8042/serio1/input/input4
[    6.129694] e1000 0000:00:03.0 eth0: (PCI:33MHz:32-bit) 02:59:f0:2c:74:7a
[    6.351029] e1000 0000:00:03.0 eth0: Intel(R) PRO/1000 Network Connection
[    6.402245] mptbase: ioc0: Initiating bringup
[    6.402687] e1000 0000:00:03.0 enp0s3: renamed from eth0
[    6.478370] ioc0: LSI53C1030 A0: Capabilities={Initiator}
[    8.323614] scsi host2: ioc0: LSI53C1030 A0, FwRev=00000000h, Ports=1, MaxQ=256, IRQ=20
[    9.568786] scsi 2:0:0:0: Direct-Access     VBOX     HARDDISK         1.0  PQ: 0 ANSI: 5
[    9.611611] scsi target2:0:0: Beginning Domain Validation
[    9.630369] scsi target2:0:0: Domain Validation skipping write tests
[    9.647560] scsi target2:0:0: Ending Domain Validation
[    9.693905] scsi target2:0:0: asynchronous
[    9.710223] scsi 2:0:1:0: Direct-Access     VBOX     HARDDISK         1.0  PQ: 0 ANSI: 5
[    9.713168] scsi target2:0:1: Beginning Domain Validation
[    9.716828] scsi target2:0:1: Domain Validation skipping write tests
[    9.719058] scsi target2:0:1: Ending Domain Validation
[    9.738732] scsi target2:0:1: asynchronous
[    9.748724] sd 2:0:0:0: Attached scsi generic sg0 type 0
[    9.750879] sd 2:0:0:0: [sda] 20971520 512-byte logical blocks: (10.7 GB/10.0 GiB)
[    9.759789] sd 2:0:1:0: [sdb] 20480 512-byte logical blocks: (10.5 MB/10.0 MiB)
[    9.760008] sd 2:0:1:0: [sdb] Write Protect is off
[    9.760140] sd 2:0:1:0: [sdb] Incomplete mode parameter data
[    9.760141] sd 2:0:1:0: [sdb] Assuming drive cache: write through
[    9.770781] sd 2:0:1:0: Attached scsi generic sg1 type 0
[    9.799147] sd 2:0:0:0: [sda] Write Protect is off
[    9.821786] sd 2:0:0:0: [sda] Incomplete mode parameter data
[    9.858870] sd 2:0:1:0: [sdb] Attached SCSI disk
[    9.872694] sd 2:0:0:0: [sda] Assuming drive cache: write through
[    9.977667]  sda: sda1
[    9.980248] sd 2:0:0:0: [sda] Attached SCSI disk
Begin: Loading e[   11.705748] md: linear personality registered for level -1
ssential drivers[   11.734272] md: multipath personality registered for level -4
 ... [   11.809195] md: raid0 personality registered for level 0
[   11.813910] md: raid1 personality registered for level 1
[   11.914135] raid6: sse2x1   gen()  9515 MB/s
[   11.982347] raid6: sse2x1   xor()  7393 MB/s
[   12.102796] raid6: sse2x2   gen() 13002 MB/s
[   12.234904] raid6: sse2x2   xor()  8756 MB/s
[   12.302320] raid6: sse2x4   gen() 14523 MB/s
[   12.398153] raid6: sse2x4   xor()  9850 MB/s
[   12.466648] raid6: avx2x1   gen() 21020 MB/s
[   12.586831] raid6: avx2x2   gen() 23557 MB/s
[   12.674690] raid6: avx2x4   gen() 26481 MB/s
[   12.727633] raid6: using algorithm avx2x4 gen() 26481 MB/s
[   12.757137] raid6: using avx2x2 recovery algorithm
[   12.773425] xor: automatically using best checksumming function:
[   12.914308]    avx       : 21882.000 MB/sec
[   12.957901] async_tx: api initialized (async)
[   12.966620] md: raid6 personality registered for level 6
[   12.968677] md: raid5 personality registered for level 5
[   12.970608] md: raid4 personality registered for level 4
[   12.979865] md: raid10 personality registered for level 10
done.
Begin: Running /scripts/init-premount ... done.
Begin: Mounting root file system ... Begin: Running /scripts/local-top ... done.
Begin: Running /scripts/local-premount ... [   13.022777] Btrfs loaded
Scanning for Btrfs filesystems
done.
Warning: fsck not present, so skipping root file[   13.202960] EXT4-fs (sda1): mounted filesystem with ordered data mode. Opts: (null)
 system
done.
Begin: Running /scripts/local-bottom ... done.
Begin: Running /scripts/init-bottom ... done.
[   13.692922] random: nonblocking pool is initialized
[   14.108216] systemd[1]: systemd 229 running in system mode. (+PAM +AUDIT +SELINUX +IMA +APPARMOR +SMACK +SYSVINIT +UTMP +LIBCRYPTSETUP +GCRYPT +GNUTLS +ACL +XZ -LZ4 +SECCOMP +BLKID +ELFUTILS +KMOD -IDN)
[   14.122653] systemd[1]: Detected virtualization oracle.
[   14.130775] systemd[1]: Detected architecture x86-64.

Welcome to [1mUbuntu 16.04.5 LTS[0m!

[   14.240939] systemd[1]: Set hostname to <ubuntu>.
[   14.333152] systemd[1]: Initializing machine ID from random generator.
[   14.397020] systemd[1]: Installed transient /etc/machine-id file.
[   16.701313] systemd[1]: Reached target System Time Synchronized.
[[0;32m  OK  [0m] Reached target System Time Synchronized.
[   16.726002] systemd[1]: Reached target Swap.
[[0;32m  OK  [0m] Reached target Swap.
[   16.782442] systemd[1]: Started Trigger resolvconf update for networkd DNS.
[[0;32m  OK  [0m] Started Trigger resolvconf update for networkd DNS.
[   16.831278] systemd[1]: Listening on /dev/initctl Compatibility Named Pipe.
[[0;32m  OK  [0m] Listening on /dev/initctl Compatibility Named Pipe.
[   16.907276] systemd[1]: Created slice System Slice.
[[0;32m  OK  [0m] Created slice System Slice.
[   16.994335] systemd[1]: Created slice system-serial\x2dgetty.slice.
[[0;32m  OK  [0m] Created slice system-serial\x2dgetty.slice.
[   17.091119] systemd[1]: Listening on Journal Socket (/dev/log).
[[0;32m  OK  [0m] Listening on Journal Socket (/dev/log).
[   17.166955] systemd[1]: Reached target User and Group Name Lookups.
[[0;32m  OK  [0m] Reached target User and Group Name Lookups.
[   17.279945] systemd[1]: Listening on LVM2 metadata daemon socket.
[[0;32m  OK  [0m] Listening on LVM2 metadata daemon socket.
[   17.291379] systemd[1]: Listening on Device-mapper event daemon FIFOs.
[[0;32m  OK  [0m] Listening on Device-mapper event daemon FIFOs.
[   17.296396] systemd[1]: Created slice User and Session Slice.
[[0;32m  OK  [0m] Created slice User and Session Slice.
[   17.300581] systemd[1]: Started Forward Password Requests to Wall Directory Watch.
[[0;32m  OK  [0m] Started Forward Password Requests to Wall Directory Watch.
[   17.305936] systemd[1]: Listening on Syslog Socket.
[[0;32m  OK  [0m] Listening on Syslog Socket.
[   17.309822] systemd[1]: Set up automount Arbitrary Executable File Formats File System Automount Point.
[[0;32m  OK  [0m] Set up automount Arbitrary Executab...ats File System Automount Point.
[   17.338465] systemd[1]: Reached target Slices.
[[0;32m  OK  [0m] Reached target Slices.
[   17.375078] systemd[1]: Listening on udev Control Socket.
[[0;32m  OK  [0m] Listening on udev Control Socket.
[   17.454472] systemd[1]: Listening on Journal Audit Socket.
[[0;32m  OK  [0m] Listening on Journal Audit Socket.
[   17.547267] systemd[1]: Listening on udev Kernel Socket.
[[0;32m  OK  [0m] Listening on udev Kernel Socket.
[   17.603933] systemd[1]: Listening on Journal Socket.
[[0;32m  OK  [0m] Listening on Journal Socket.
[   17.967711] systemd[1]: Starting Load Kernel Modules...
         Starting Load Kernel Modules...
[   18.055322] systemd[1]: Starting Uncomplicated firewall...
         Starting Uncomplicated firewall...
[   18.150505] Loading iSCSI transport class v2.0-870.
[   18.247067] systemd[1]: Starting Nameserver information manager...
         Starting Nameserver information manager...
[   18.272594] systemd[1]: Mounting Huge Pages File System...
         Mounting Huge Pages File System...
[   18.295095] systemd[1]: Starting Monitoring of LVM2 mirrors, snapshots etc. using dmeventd or progress polling...
         Starting Monitoring of [   18.325927] iscsi: registered transport (tcp)
LVM2 mirrors... dmeventd or progress polling...
[   18.366870] systemd[1]: Mounting Debug File System...
         Mounting Debug File System...
[   18.371576] systemd[1]: Mounting POSIX Message Queue File System...
         Mounting POSIX Message Queue File System...
[   18.376818] systemd[1]: Starting Journal Service...
         Starting Journal Service...
[   18.381283] systemd[1]: Starting Set console keymap...
         Starting Set console keymap...
[   18.389563] systemd[1]: Starting Remount Root and Kernel File Systems...
         Starting Remount Root and Kernel File Systems...
[   18.435328] systemd[1]: Listening on LVM2 poll daemon socket.
[[0;32m  OK  [0m] Listening on LVM2 poll daemon socket.
[   18.439554] systemd[1]: Reached target Encrypted Volumes.
[[0;32m  OK  [0m] Reached target Encrypted Volumes.
[   18.486677] systemd[1]: Starting Create list of required static device nodes for the current kernel...
[   18.501064] EXT4-fs (sda1): re-mounted. Opts: (null)
         Starting Create list of required st... nodes for the current kernel...
[   18.591949] systemd[1]: Mounted Debug File System.
[[0;32m  OK  [0m] Mounted Debug File System.
[   18.616668] systemd[1]: Mounted POSIX Message Queue File System.
[[0;32m  OK  [0m] Mounted POSIX Message Queue File System.
[   18.646444] systemd[1]: Mounted Huge Pages File System.
[[0;32m  OK  [0m] Mounted Huge Pages File System.
[   18.699048] systemd[1]: Started Uncomplicated firewall.
[[0;32m  OK  [0m] Started Uncomplicated firewall.
[   18.767469] systemd[1]: Started Remount Root and Kernel File Systems.
[[0;32m  OK  [0m] Started Remount Root and Kernel File Systems.
[   18.786985] systemd[1]: Started Create list of required static device nodes for the current kernel.
[[0;32m  OK  [0m] Started Create list of required sta...ce nodes for the current kernel.
[   18.899003] systemd[1]: Started Nameserver information manager.
[   18.927160] iscsi: registered transport (iser)
[[0;32m  OK  [0m] Started Nameserver information manager.
[   18.938132] systemd[1]: Started Load Kernel Modules.
[[0;32m  OK  [0m] Started Load Kernel Modules.
[   19.050600] systemd[1]: Mounting FUSE Control File System...
         Mounting FUSE Control File System...
[   19.081494] systemd[1]: Starting Apply Kernel Variables...
         Starting Apply Kernel Variables...
[   19.086613] systemd[1]: Starting Create Static Device Nodes in /dev...
         Starting Create Static Device Nodes in /dev...
[   19.091734] systemd[1]: Starting Load/Save Random Seed...
         Starting Load/Save Random Seed...
[   19.174547] systemd[1]: Starting udev Coldplug all Devices...
         Starting udev Coldplug all Devices...
[   19.188134] systemd[1]: Mounted FUSE Control File System.
[[0;32m  OK  [0m] Mounted FUSE Control File System.
[   19.246977] systemd[1]: Started Set console keymap.
[[0;32m  OK  [0m] Started Set console keymap.
[   19.320510] systemd[1]: Started Journal Service.
[[0;32m  OK  [0m] Started Journal Service.
         Starting Flush Journal to Persistent Storage...
[[0;32m  OK  [0m] Started udev Coldplug all Devices.
[[0;32m  OK  [0m] Started Load/Save Random Seed.
[[0;32m  OK  [0m] Started LVM2 metadata daemon.
[[0;32m  OK  [0m] Started Apply Kernel Variables.
[[0;32m  OK  [0m] Started Flush Journal to Persistent Storage.
[[0;32m  OK  [0m] Started Monitoring of LVM2 mirrors,...ng dmeventd or progress polling.
[[0;32m  OK  [0m] Started Create Static Device Nodes in /dev.
         Starting udev Kernel Device Manager...
[[0;32m  OK  [0m] Started udev Kernel Device Manager.
[[0;32m  OK  [0m] Reached target Local File Systems (Pre).
[[0;32m  OK  [0m] Reached target Local File Systems.
         Starting Commit a transient machine-id on disk...
         Starting Create Volatile Files and Directories...
         Starting Tell Plymouth To Write Out Runtime Data...
         Starting Initial cloud-init job (pre-networking)...
         Starting Set console font and keymap...
         Starting LSB: AppArmor initialization...
[[0;32m  OK  [0m] Started Dispatch Password Requests to Console Directory Watch.
[[0;32m  OK  [0m] Started Commit a transient machine-id on disk.
[[0;32m  OK  [0m] Started Tell Plymouth To Write Out Runtime Data.
[[0;32m  OK  [0m] Started Create Volatile Files and Directories.
         Starting Update UTMP about System Boot/Shutdown...
[[0;32m  OK  [0m] Found device /dev/ttyS0.
[[0;32m  OK  [0m] Started Update UTMP about System Boot/Shutdown.
[[0;32m  OK  [0m] Listening on Load/Save RF Kill Switch Status /dev/rfkill Watch.
[[0;32m  OK  [0m] Started Set console font and keymap.
[[0;32m  OK  [0m] Created slice system-getty.slice.
[[0;32m  OK  [0m] Started LSB: AppArmor initialization.
[   26.507459] cloud-init[480]: Cloud-init v. 18.3-9-g2e62cb8a-0ubuntu1~16.04.2 running 'init-local' at Wed, 07 Nov 2018 22:47:58 +0000. Up 25.11 seconds.
[[0;32m  OK  [0m] Started Initial cloud-init job (pre-networking).
[[0;32m  OK  [0m] Reached target Network (Pre).
         Starting Raise network interfaces...
[[0;32m  OK  [0m] Started Raise network interfaces.
[[0;32m  OK  [0m] Reached target Network.
         Starting Initial cloud-init job (metadata service crawler)...
[   29.426749] cloud-init[923]: Cloud-init v. 18.3-9-g2e62cb8a-0ubuntu1~16.04.2 running 'init' at Wed, 07 Nov 2018 22:48:00 +0000. Up 27.59 seconds.
[   29.431683] cloud-init[923]: ci-info: ++++++++++++++++++++++++++++++++++++++Net device info++++++++++++++++++++++++++++++++++++++
[   29.458366] cloud-init[923]: ci-info: +--------+------+----------------------------+---------------+--------+-------------------+
[   29.485270] [[0;32m  OK  [0m] Started Initial cloud-init job (metadata service crawler).
[[0;32m  OK  [0m] Reached target System Initialization.
cloud-init[923]: ci-info: | Device |  Up  |          Address           |      Mask     | Scope  |     Hw-Address    |
[   29.651229]          Starting LXD - unix socket.
cloud-init[923]: ci-info: +--------+------+----------------------------+---------------+--------+-------------------+
[   29.656069] cloud-init[923]: ci-info: | enp0s3 | True |         10.0.2.15          | 255.255.255.0 | global | 02:59:f0:2c:74:7a |
[   29.672954] [[0;32m  OK  [0m] Started ACPI Events Check.
[[0;32m  OK  [0m] Reached target Paths.
[[0;32m  OK  [0m] Started Daily apt download activities.
[[0;32m  OK  [0m] Started Daily apt upgrade and clean activities.
cloud-init[923]: ci-info: | enp0s3 | True | fe80::59:f0ff:fe2c:747a/64 |       .       |  link  | 02:59:f0:2c:74:7a |
[   29.715170] [[0;32m  OK  [0m] Listening on D-Bus System Message Bus Socket.
[[0;32m  OK  [0m] Listening on UUID daemon activation socket.
[[0;32m  OK  [0m] Started Daily Cleanup of Temporary Directories.
[[0;32m  OK  [0m] Listening on ACPID Listen Socket.
         Starting Socket activation for snappy daemon.
[[0;32m  OK  [0m] Reached target Timers.
[[0;32m  OK  [0m] Reached target Network is Online.
cloud-init[923]: ci-info: |   lo   | True |         127.0.0.1          |   255.0.0.0   |  host  |         .         |
[   29.727267] cloud-init[923]: ci-info: |   lo   | True |          ::1/128           |       .       |  host  |         .         |
[   29.731612]          Starting iSCSI initiator daemon (iscsid)...
[[0;32m  OK  [0m] Reached target Cloud-config availability.
cloud-init[923]: ci-info: +--------+------+----------------------------+---------------+--------+-------------------+
[   29.759844] [[0;32m  OK  [0m] Listening on LXD - unix socket.
[[0;32m  OK  [0m] Listening on Socket activation for snappy daemon.
cloud-init[923]: ci-info: +++++++++++++++++++++++++++Route IPv4 info++++++++++++++++++++++++++++
[   29.767285] [[0;32m  OK  [0m] Reached target Sockets.
cloud-init[923]: ci-info: +-------+-------------+----------+---------------+-----------+-------+
[   29.795574] [[0;32m  OK  [0m] Reached target Basic System.
cloud-init[923]: ci-info: | Route | Destination | Gateway  |    Genmask    | Interface | Flags |
[   29.800403] cloud-init[923]: ci-info: +-------+-------------+----------+---------------+-----------+-------+
[   29.803798] cloud-init[923]: ci-info: |   0   |   0.0.0.0   | 10.0.2.2 |    0.0.0.0    |   enp0s3  |   UG  |
[   29.807259] cloud-init[923]: ci-info: |   1   |   10.0.2.0  | 0.0.0.0  | 255.255.255.0 |   enp0s3  |   U   |
[   29.810783] cloud-init[923]: ci-info: +-------+-------------+----------+---------------+-----------+-------+
[   29.819081]          Starting LXD - container startup/shutdown...
[[0;32m  OK  [0m] Started D-Bus System Message Bus.
cloud-init[923]: ci-info: +++++++++++++++++++Route IPv6 info+++++++++++++++++++
[   29.845124] cloud-init[923]: ci-info: +-------+-------------+---------+-----------+-------+
[   29.849167] cloud-init[923]: ci-info: | Route | Destination | Gateway | Interface | Flags |
[   29.852361] cloud-init[923]: ci-info: +-------+-------------+---------+-----------+-------+
[   29.861205] cloud-init[923]: ci-info: |   0   |  fe80::/64  |    ::   |   enp0s3  |   U   |
[   29.889116] cloud-init[923]: ci-info: |   3   |   ff00::/8  |    ::   |   enp0s3  |   U   |
[   29.892256] cloud-init[923]: ci-info: +-------+-------------+---------+-----------+-------+
[   29.895533] cloud-init[923]: Generating public/private rsa key pair.
[   29.898391] cloud-init[923]: Your identification has been saved in /etc/ssh/ssh_host_rsa_key.
[   29.901994] cloud-init[923]: Your public key has been saved in /etc/ssh/ssh_host_rsa_key.pub.
[   29.930936] cloud-init[923]: The key fingerprint is:
[   29.938443] cloud-init[923]: SHA256:dFYtO0z0ta7vaOmNZpy0m0f5w9FBHBp8VaFGYp5IlEw root@ubuntu-xenial
[   29.945735] cloud-init[923]: The key's randomart image is:
[   29.948369] cloud-init[923]: +---[RSA 2048]----+
[   29.958737] cloud-init[923]: |        +E.+++.oO|
[   29.961414] cloud-init[923]: |        .o+.*o==.|
[   29.964058] cloud-init[923]: |        ..o= *+. |
[   29.966654] cloud-init[923]: |       . o  = .. |
[   29.969408] cloud-init[923]: |        S    . .+|
[   29.972789] cloud-init[923]: |             ..+.|
[   29.975545] cloud-init[923]: |            o.* o|
[   29.978365] cloud-init[923]: |             O*+.|
[   29.982479] cloud-init[923]: |            =*++.|
[   29.985190] cloud-init[923]: +----[SHA256]-----+
[   29.987501] cloud-init[923]: Generating public/private dsa key pair.
[   29.990511] cloud-init[923]: Your identification has been saved in /etc/ssh/ssh_host_dsa_key.
[   30.003698] cloud-init[923]: Your public key has been saved in /etc/ssh/ssh_host_dsa_key.pub.
[   30.013571] cloud-init[923]: The key fingerprint is:
[   30.016426] cloud-init[923]: SHA256:sqwPJI5y8yad/xgjTY6VBsm0q6gcXQc3qgOWAzACEio root@ubuntu-xenial
[   30.020090] cloud-init[923]: The key's randomart image is:
[   30.022796] cloud-init[923]: +---[DSA 1024]----+
[   30.026127] cloud-init[923]: |O.  .            |
[   30.028607] cloud-init[923]: |=. o o           |
[   30.031494] cloud-init[923]: |E   =. o         |
[   30.034361] cloud-init[923]: |o .  o+..        |
[   30.036936] cloud-init[923]: | =. oo*.S        |
[   30.039411] cloud-init[923]: |.+++oO.o         |
[   30.042093] cloud-init[923]: |+.==+.B          |
[   30.044921] cloud-init[923]: |+.oo=+ +         |
[   30.047494] cloud-init[923]: |.. ooo+..        |
[   30.050212] cloud-init[923]: +----[SHA256]-----+
[   30.052926] cloud-init[923]: Generating public/private ecdsa key pair.
[   30.056148] cloud-init[923]: Your identification has been saved in /etc/ssh/ssh_host_ecdsa_key.
[   30.062919] cloud-init[923]: Your public key has been saved in /etc/ssh/ssh_host_ecdsa_key.pub.
[   30.067256] cloud-init[923]: The key fingerprint is:
[   30.069523] cloud-init[923]: SHA256:0TCNJbbwgXLDOL1DY5fN4TSeOxRgyY63VSoxtA1zPIo root@ubuntu-xenial
[   30.072985] cloud-init[923]: The key's randomart image is:
[   30.075350] cloud-init[923]: +---[ECDSA 256]---+
[   30.077531] cloud-init[923]: |     +.+%@B.     |
[   30.079714] cloud-init[923]: |    + X=O^*+.    |
[   30.082096] cloud-init[923]: |     * O=+B+     |
[   30.097910] cloud-init[923]: |      E =oo.     |
[   30.099960] cloud-init[923]: |       oS+o      |
[   30.102050] cloud-init[923]: |        .  .     |
[   30.104399] cloud-init[923]: |                 |
[   30.107287] cloud-init[923]: |                 |
[   30.109686] cloud-init[923]: |                 |
[   30.112524] cloud-init[923]: +----[SHA256]-----+
[   30.115535] cloud-init[923]: Generating public/private ed25519 key pair.
[   30.118259] cloud-init[923]: Your identification has been saved in /etc/ssh/ssh_host_ed25519_key.
[   30.121465] cloud-init[923]: Your public key has been saved in /etc/ssh/ssh_host_ed25519_key.pub.
[   30.124633] cloud-init[923]: The key fingerprint is:
[   30.127143] cloud-init[923]: SHA256:fTzBj62nvay7YMahBzrtdm51UQZmUpFXMceiMIP4df4 root@ubuntu-xenial
[   30.130374] cloud-init[923]: The key's randomart image is:
[   30.132835] cloud-init[923]: +--[ED25519 256]--+
[   30.135388] cloud-init[923]: |       . .  ..*B=|
[   30.137622] cloud-init[923]: |      . . =..+o B|
[   30.139748] cloud-init[923]: |       . . *o. = |
[   30.141926] cloud-init[923]: |        .. .o=.  |
[   30.144095] cloud-init[923]: |        S o =.o. |
[   30.146387] cloud-init[923]: |       o + o.oE  |
[   30.152871] cloud-init[923]: |      o o *....  |
[   30.164090] cloud-init[923]: |       o.+o. =   |
[   30.172251] cloud-init[923]: |       ..+. =++. |
[   30.187465] cloud-init[923]: +----[SHA256]-----+
         Starting LSB: Record successful boot for GRUB...
         Starting System Logging Service...
[[0;32m  OK  [0m] Started FUSE filesystem for LXC.
         Starting LSB: MD monitoring daemon...
[[0;32m  OK  [0m] Started ACPI event daemon.
         Starting Snappy daemon...
         Starting Pollinate to seed the pseudo random number generator...
         Starting /etc/rc.local Compatibility...
[[0;32m  OK  [0m] Started Deferred execution scheduler.
         Starting Accounts Service...
[[0;32m  OK  [0m] Started Regular background program processing daemon.
         Starting Login Service...
[[0;32m  OK  [0m] Started Unattended Upgrades Shutdown.
         Starting Virtualbox guest utils...
[[0;32m  OK  [0m] Started /etc/rc.local Compatibility.
[[0;32m  OK  [0m] Started System Logging Service.
[[0;32m  OK  [0m] Started iSCSI initiator daemon (iscsid).
         Starting Login to default iSCSI targets...
[[0;32m  OK  [0m] Started Login Service.
[[0;32m  OK  [0m] Started LSB: MD monitoring daemon.
[[0;32m  OK  [0m] Started LSB: Record successful boot for GRUB.
[[0;32m  OK  [0m] Started Login to default iSCSI targets.
[[0;32m  OK  [0m] Reached target Remote File Systems (Pre).
[[0;32m  OK  [0m] Reached target Remote File Systems.
         Starting LSB: Set the CPU Frequency Scaling governor to "ondemand"...
         Starting Permit User Sessions...
         Starting LSB: daemon to balance interrupts for SMP systems...
         Starting LSB: automatic crash report generation...
[[0;32m  OK  [0m] Started LSB: Set the CPU Frequency Scaling governor to "ondemand".
[[0;32m  OK  [0m] Started Permit User Sessions.
         Starting Terminate Plymouth Boot Screen...
         Starting Hold until boot process finishes up...
[[0;32m  OK  [0m] Started Hold until boot process finishes up.
[[0;32m  OK  [0m] Started Terminate Plymouth Boot Screen.
[[0;32m  OK  [0m] Started Getty on tty1.
[[0;32m  OK  [0m] Started Serial Getty on ttyS0.
[[0;32m  OK  [0m] Reached target Login Prompts.
         Starting Set console scheme...
[[0;32m  OK  [0m] Started Set console scheme.
[[0;32m  OK  [0m] Started LSB: automatic crash report generation.
[[0;32m  OK  [0m] Started LSB: daemon to balance interrupts for SMP systems.
[[0;32m  OK  [0m] Started Virtualbox guest utils.
         Starting Authenticate and Authorize Users to Run Privileged Tasks...
[[0;32m  OK  [0m] Started Authenticate and Authorize Users to Run Privileged Tasks.
[[0;32m  OK  [0m] Started Accounts Service.
[[0;32m  OK  [0m] Started LXD - container startup/shutdown.
[[0;32m  OK  [0m] Started Pollinate to seed the pseudo random number generator.
         Starting OpenBSD Secure Shell server...
[[0;32m  OK  [0m] Started Snappy daemon.
         Starting Wait until snapd is fully seeded...
[[0;32m  OK  [0m] Started OpenBSD Secure Shell server.
[[0;32m  OK  [0m] Created slice User Slice of vagrant.

Ubuntu 16.04.5 LTS ubuntu-xenial ttyS0

ubuntu-xenial login: [   40.141553] cloud-init[1322]: Generating locales (this might take a while)...
[   42.057222] cloud-init[1322]:   en_US.UTF-8... done
[   42.058004] cloud-init[1322]: Generation complete.
[   46.806155] cloud-init[1322]: Cloud-init v. 18.3-9-g2e62cb8a-0ubuntu1~16.04.2 running 'modules:config' at Wed, 07 Nov 2018 22:48:13 +0000. Up 39.66 seconds.
ci-info: no authorized ssh keys fingerprints found for user ubuntu.
<14>Nov  7 22:48:21 ec2: 
<14>Nov  7 22:48:21 ec2: #############################################################
<14>Nov  7 22:48:21 ec2: -----BEGIN SSH HOST KEY FINGERPRINTS-----
<14>Nov  7 22:48:21 ec2: 1024 SHA256:sqwPJI5y8yad/xgjTY6VBsm0q6gcXQc3qgOWAzACEio root@ubuntu-xenial (DSA)
<14>Nov  7 22:48:21 ec2: 256 SHA256:0TCNJbbwgXLDOL1DY5fN4TSeOxRgyY63VSoxtA1zPIo root@ubuntu-xenial (ECDSA)
<14>Nov  7 22:48:21 ec2: 256 SHA256:fTzBj62nvay7YMahBzrtdm51UQZmUpFXMceiMIP4df4 root@ubuntu-xenial (ED25519)
<14>Nov  7 22:48:21 ec2: 2048 SHA256:dFYtO0z0ta7vaOmNZpy0m0f5w9FBHBp8VaFGYp5IlEw root@ubuntu-xenial (RSA)
<14>Nov  7 22:48:21 ec2: -----END SSH HOST KEY FINGERPRINTS-----
<14>Nov  7 22:48:21 ec2: #############################################################
-----BEGIN SSH HOST KEY KEYS-----
ecdsa-sha2-nistp256 AAAAE2VjZHNhLXNoYTItbmlzdHAyNTYAAAAIbmlzdHAyNTYAAABBBIdjxOHU5AM9hbg3ru1vyHPpGDkNAxO6sPQkQm+CdFDyyagv68+3xa44iTn4aUWuuEjQ+hTTqjN6L9qlTjfkHlE= root@ubuntu-xenial
ssh-ed25519 AAAAC3NzaC1lZDI1NTE5AAAAIPAIj6Q6vtKTxnJDN9lvD89RWxw8wuT3ANuIL0ZaNopM root@ubuntu-xenial
ssh-rsa AAAAB3NzaC1yc2EAAAADAQABAAABAQCg8ZmhyTPFb4qQkfA7NZp2VWdrFLOfjsUUbIAy9VwjJ9PvVrKzNaK8z8phRm5SXNhRPsjz7s4BghdFovFvEMxhUatS7Jckscq5+J+/m48b2kb93y+QBtRA1RZCuMX64zB+9XfexZmcni1lKg0+GGz3VL/Wny1u/jMjEkf092IsZcNtBqHXcWNz2jIICmyOX/sPrrVb3xZnegC5Fa6KOCqBQKorxKBq/yLPK+ot/u5VSMlBRPMdggVniNDwKVUQweY/w/Wu/+400RKaiNX8fUm0gWvA50LnIdTEpE+NTlPGhCJXnmggD0rRw4u4j/9OkvdIm6LFvvU/tNTpRUVlUuSP root@ubuntu-xenial
-----END SSH HOST KEY KEYS-----
[   47.797151] cloud-init[1476]: Cloud-init v. 18.3-9-g2e62cb8a-0ubuntu1~16.04.2 running 'modules:final' at Wed, 07 Nov 2018 22:48:20 +0000. Up 47.26 seconds.
[   47.797361] cloud-init[1476]: ci-info: no authorized ssh keys fingerprints found for user ubuntu.
[   47.797482] cloud-init[1476]: Cloud-init v. 18.3-9-g2e62cb8a-0ubuntu1~16.04.2 finished at Wed, 07 Nov 2018 22:48:21 +0000. Datasource DataSourceNoCloud [seed=/dev/sdb][dsmode=net].  Up 47.78 seconds
